20230122	10:30:10	1d317801-170c-41ff-9851-e1ebaea7ae6a	ReferenceError: username is not defined	POST	/users	undefined
20230122	13:08:13	2f075d6a-2542-4822-82b3-679026553ce0	ReferenceError: print is not defined	POST	/users	undefined
20230122	13:09:56	9b9354ab-99fe-48b3-be13-a989b8ce6dab	ValidationError: user validation failed: state: Path `state` is required., country: Path `country` is required., age: Path `age` is required., mobileNumber: Path `mobileNumber` is required., lastName: Path `lastName` is required., firstName: Path `firstName` is required.	POST	/users	undefined
20230122	14:47:44	a811fbe4-f766-448c-b604-6542e8a408d1	ReferenceError: jwt is not defined	PATCH	/users	undefined
20230122	14:48:16	c19ce965-fa4e-43dc-8fa4-17dde0060598	ReferenceError: hashedPassword is not defined	PATCH	/users	undefined
20230122	14:48:33	de1dc28d-40d7-4709-b95c-4f51bf44316e	ValidationError: user validation failed: password: Path `password` is required.	PATCH	/users	undefined
20230123	18:20:29	f0b325b4-e331-44cb-aea1-62b4b027f2d4	SyntaxError: Unexpected token } in JSON at position 419	PATCH	/users	undefined
20230123	18:22:18	c0c47514-535a-4b62-8046-0c462fd25e08	TypeError: Cannot read properties of undefined (reading 'contains')	PATCH	/users	undefined
20230123	18:24:04	0eed7cfd-7500-46a0-95d2-c3d839a9500a	TypeError: Cannot read properties of undefined (reading 'includes')	PATCH	/users	undefined
20230123	18:24:24	3d45353d-a003-451a-9e60-4984853c3118	TypeError: Cannot read properties of undefined (reading 'includes')	PATCH	/users	undefined
20230123	18:28:00	46ad18d5-6bc5-4f5d-8d2f-c3c7e35e897d	SyntaxError: Unexpected token } in JSON at position 419	PATCH	/users	undefined
20230123	18:42:53	10a8ed64-7f4a-409a-8f13-32c5147dd83c	ValidationError: user validation failed: emailId: Path `emailId` is required.	POST	/users	undefined
20230123	18:44:09	7e5aa755-cd3e-44a2-b0a8-a4666c223c65	ReferenceError: JWT_sec is not defined	DELETE	/users	undefined
20230123	18:44:29	6e4c18dd-5cb1-4ce8-98a9-c37f11909073	JsonWebTokenError: jwt must be provided	DELETE	/users	undefined
20230123	19:39:42	40dd4993-1cd1-440c-b470-25ce2dfa71d2	MongooseError: Query was already executed: userNote.findOne({ userId: new ObjectId("63ce88da457c592fd00...	GET	/notes/?token=eyJhbGciOiJIUzI1NiIsInR5cCI6IkpXVCJ9.eyJpZCI6IjYzY2U4OGRhNDU3YzU5MmZkMDBiODg3NyIsImVtYWlsSWQiOiJuYXJlc2hrdW1hcjAwMkBnbWFpbC5jb20iLCJpYXQiOjE2NzQ0Nzk4Mzl9.GtcM51bNEDnRL4PCfhtZkbiyT7sZn4vTRfZVnua07YM	undefined
20230123	19:57:07	15b2f3dc-4696-4489-9a34-bdf9af416ef5	TypeError: Note.findAll is not a function	GET	/notes/?token=eyJhbGciOiJIUzI1NiIsInR5cCI6IkpXVCJ9.eyJpZCI6IjYzY2U4OGRhNDU3YzU5MmZkMDBiODg3NyIsImVtYWlsSWQiOiJuYXJlc2hrdW1hcjAwMkBnbWFpbC5jb20iLCJpYXQiOjE2NzQ0Nzk4Mzl9.GtcM51bNEDnRL4PCfhtZkbiyT7sZn4vTRfZVnua07YM	undefined
20230123	20:03:53	be84f48e-b01b-4a7c-b92b-cc881a80a313	ReferenceError: id is not defined	DELETE	/notes	undefined
20230124	19:41:51	485cddfe-8d24-4184-a637-19ef0e93f2a5	JsonWebTokenError: jwt must be provided	PATCH	/users	http://localhost:3000
20230124	19:52:23	56690126-9ca5-49f5-a6ec-7db60d7bdeb7	JsonWebTokenError: jwt must be provided	PATCH	/users	http://localhost:3000
20230129	15:37:13	5f211358-5e74-4d79-b6c6-95b3d30f3335	JsonWebTokenError: jwt must be provided	POST	/notes	http://localhost:3000
20230129	15:37:13	323024d3-5c15-4281-a5e0-2c6713d41574	JsonWebTokenError: jwt must be provided	GET	/notes?token=	http://localhost:3000
20230129	15:38:12	2a309833-4e30-4056-8fca-51486039c639	JsonWebTokenError: jwt must be provided	POST	/notes	http://localhost:3000
20230129	15:38:12	727667b8-bbf9-46c1-86ea-a07a371a97ec	JsonWebTokenError: jwt must be provided	GET	/notes?token=	http://localhost:3000
20230131	15:20:32	6bda4fa7-0140-4f03-98eb-85bf17c04384	ReferenceError: User is not defined	PATCH	/notes	http://localhost:3000
20230131	18:14:11	48d155a3-6592-493e-8757-3b2bc0591b43	ValidationError: userNote validation failed: title: Path `title` is required., content: Path `content` is required.	POST	/notes	http://localhost:3000
20230131	18:42:15	ae62fdec-0ea6-426e-9ab2-6cff0e600e2a	CastError: Cast to ObjectId failed for value "" (type string) at path "_id" for model "userNote"	DELETE	/notes	http://localhost:3000
20230203	21:07:49	86cdf62f-886e-49a7-9072-3fa83ee83a77	ValidationError: userNote validation failed: color: Path `color` is required.	POST	/notes	undefined
20230203	22:00:53	f01b9db1-2a92-420f-b7a4-7fd34382d770	ValidationError: userNote validation failed: title: Path `title` is required., content: Path `content` is required.	POST	/notes	undefined
20230203	22:09:55	b3d54777-517c-4fcc-beaa-b752781fc7f9	ValidationError: userNote validation failed: title: Path `title` is required., content: Path `content` is required.	POST	/notes	undefined
20230204	21:01:06	adf2c8ea-ebd8-4c2d-a3de-152a4b8b0b91	JsonWebTokenError: jwt must be provided	GET	/notes	undefined
20230204	21:19:56	fc542551-0fcd-4fca-83d4-19c325fc2600	TypeError: Assignment to constant variable.	DELETE	/notes?token=eyJhbGciOiJIUzI1NiIsInR5cCI6IkpXVCJ9.eyJpZCI6IjYzY2NlOTNkMGZlN2IzMWZlZGE3NDkwOSIsImVtYWlsSWQiOiJuYXJlc2hrdW1hcjAwMkBnbWFpbC5jb20iLCJpYXQiOjE2NzU1MjM2NzN9.7V2MHuiIEczjwWUUzvIC6_d8k0TqXNFhkv-qXM1tY0g&noteId=63d938aa199d0c7aea9ae1d9	undefined
20230204	21:21:42	7335f919-c1ec-470a-9712-6fcbe9676af1	TypeError: Assignment to constant variable.	DELETE	/notes?token=eyJhbGciOiJIUzI1NiIsInR5cCI6IkpXVCJ9.eyJpZCI6IjYzY2NlOTNkMGZlN2IzMWZlZGE3NDkwOSIsImVtYWlsSWQiOiJuYXJlc2hrdW1hcjAwMkBnbWFpbC5jb20iLCJpYXQiOjE2NzU1MjM2NzN9.7V2MHuiIEczjwWUUzvIC6_d8k0TqXNFhkv-qXM1tY0g&noteId=63d938aa199d0c7aea9ae1d9	undefined
20230204	21:22:39	03f53a20-aa4f-43cf-977d-8730844b72e4	TypeError: Assignment to constant variable.	DELETE	/notes?token=eyJhbGciOiJIUzI1NiIsInR5cCI6IkpXVCJ9.eyJpZCI6IjYzY2NlOTNkMGZlN2IzMWZlZGE3NDkwOSIsImVtYWlsSWQiOiJuYXJlc2hrdW1hcjAwMkBnbWFpbC5jb20iLCJpYXQiOjE2NzU1MjM2NzN9.7V2MHuiIEczjwWUUzvIC6_d8k0TqXNFhkv-qXM1tY0g&noteId=63d938aa199d0c7aea9ae1d9	undefined
20230205	12:41:59	3d77b1a4-87c3-4903-bd6c-162932dc83a3	JsonWebTokenError: jwt must be provided	GET	/notes?token=	http://localhost:3000
20230205	12:41:59	6b641e58-7822-45a3-a208-fbcc0fe79c55	JsonWebTokenError: jwt must be provided	GET	/notes?token=	http://localhost:3000
20230206	20:29:47	6357a432-8fd3-47af-b9ba-10aa1180c6bb	ValidationError: userNote validation failed: title: Path `title` is required., content: Path `content` is required.	POST	/notes	http://localhost:3000
20230206	20:29:56	1367283f-2d04-4337-a858-19c82a17d5b1	ValidationError: userNote validation failed: title: Path `title` is required., content: Path `content` is required.	POST	/notes	http://localhost:3000
20230207	21:10:15	df4d0fa9-a7ab-4090-aa7e-711005f9c3c0	ReferenceError: emailId is not defined	GET	/users?token=eyJhbGciOiJIUzI1NiIsInR5cCI6IkpXVCJ9.eyJpZCI6IjYzZGZjNGU5Yjk3ZWQ2MGVkZTFmNjRmYSIsImVtYWlsSWQiOiJuYXJlc2hrdW1hcjAxQGdtYWlsLmNvbSIsImlhdCI6MTY3NTc4NDI0OX0.ftNrZ7FmmdKm0DhhrX6Qdj7bK-OAtN1bYHA0Y2NmfKs	undefined
20230209	14:43:09	5232eac0-f541-43c2-a471-af7916d7d13a	JsonWebTokenError: jwt must be provided	GET	/notes?token=	http://localhost:3000
20230209	14:43:09	d3efc8b5-7e51-4b70-a4db-790976211fb1	JsonWebTokenError: jwt must be provided	GET	/notes?token=	http://localhost:3000
20230209	14:49:30	97f5cca3-a414-470e-9e7b-4996e4a122e7	JsonWebTokenError: jwt must be provided	GET	/notes?token=	http://localhost:3000
20230209	14:49:30	d8b0c15d-b5bd-41cf-974a-ebe189fbe314	JsonWebTokenError: jwt must be provided	GET	/notes?token=	http://localhost:3000
20230209	14:52:09	176c2d8c-8527-4052-81ce-849064e4d303	JsonWebTokenError: jwt must be provided	GET	/notes?token=	http://localhost:3000
20230209	14:52:09	16246eae-b04d-4bc5-b5a9-876fb1febfd7	JsonWebTokenError: jwt must be provided	GET	/notes?token=	http://localhost:3000
20230209	14:53:47	e255c3f3-acf0-4cdf-a592-9ee2b374e90e	JsonWebTokenError: jwt must be provided	GET	/notes?token=	http://localhost:3000
20230209	14:53:47	aef962bd-7262-4bbc-b702-4326ddb3e38e	JsonWebTokenError: jwt must be provided	GET	/notes?token=	http://localhost:3000
20230209	15:04:28	1d62a110-ff7c-4a90-ae5e-cafed79bb123	JsonWebTokenError: jwt must be provided	GET	/notes?token=	http://localhost:3000
20230209	15:04:28	de4baa95-f1cb-4b78-a034-86c70210fb4d	JsonWebTokenError: jwt must be provided	GET	/notes?token=	http://localhost:3000
20230209	15:04:57	0ec323e5-8978-4aab-81c0-75cc73c991b3	JsonWebTokenError: jwt must be provided	GET	/notes?token=	http://localhost:3000
20230209	15:04:57	261eec28-f24b-4975-81d2-59c1a498cf5b	JsonWebTokenError: jwt must be provided	GET	/notes?token=	http://localhost:3000
20230209	15:04:59	c3ff9587-794f-4cb1-8829-1e8e18422fd4	JsonWebTokenError: jwt must be provided	GET	/notes?token=	http://localhost:3000
20230209	15:04:59	2d8cb5ad-760e-46ff-a280-4c636a14e975	JsonWebTokenError: jwt must be provided	GET	/notes?token=	http://localhost:3000
20230209	15:04:59	84cdb9e9-58ce-4e7d-92f8-2d777962c1f1	JsonWebTokenError: jwt must be provided	GET	/notes?token=	http://localhost:3000
20230209	15:04:59	dd966616-f06c-45eb-bb2a-7f3daf0e7a19	JsonWebTokenError: jwt must be provided	GET	/notes?token=	http://localhost:3000
20230209	15:05:01	5d527138-375c-41bf-98e3-672d1368e0af	JsonWebTokenError: jwt must be provided	GET	/notes?token=	http://localhost:3000
20230209	15:05:01	b4a9fa87-af20-42ee-b5eb-bed6294424dd	JsonWebTokenError: jwt must be provided	GET	/notes?token=	http://localhost:3000
20230209	15:05:27	5614786c-6cac-4541-821b-381c61531b0e	JsonWebTokenError: jwt must be provided	GET	/notes?token=	http://localhost:3000
20230209	15:05:28	f4a28595-f5fb-453e-a867-670f887c5d2d	JsonWebTokenError: jwt must be provided	GET	/notes?token=	http://localhost:3000
20230209	15:08:19	660d1a5d-f47f-4af4-991e-353245eec0b9	JsonWebTokenError: jwt must be provided	GET	/notes?token=	http://localhost:3000
20230209	19:45:55	96bdcdd5-4b38-49d1-9927-c31791531817	TypeError: Cannot destructure property 'audio' of 'response.body' as it is undefined.	POST	/notes/content	http://localhost:3000
20230212	18:38:53	33c071ec-f820-4719-aeb5-0ef0d3372a9d	MulterError: Unexpected field	POST	/imagetext	http://localhost:3000
20230215	11:39:18	d5d24595-505f-454f-95a9-0b4657645ddb	MongooseServerSelectionError: Could not connect to any servers in your MongoDB Atlas cluster. One common reason is that you're trying to access the database from an IP that isn't whitelisted. Make sure your current IP address is on your Atlas cluster's IP whitelist: https://docs.atlas.mongodb.com/security-whitelist/	GET	/users?token=eyJhbGciOiJIUzI1NiIsInR5cCI6IkpXVCJ9.eyJpZCI6IjYzY2NlOTNkMGZlN2IzMWZlZGE3NDkwOSIsImVtYWlsSWQiOiJuYXJlc2hrdW1hcjAxQGdtYWlsLmNvbSIsImlhdCI6MTY3NTkzNTc1M30.ToSoFbi-rAnNZaXGaURNLB1LkT-CL_aiFgFAwHmt-Fo	http://localhost:3000
20230215	11:40:15	485811e8-c483-44e1-9d5b-c35950ed5278	MongoPoolClearedError: Connection pool for narydb-shard-00-02.lvaq6.mongodb.net:27017 was cleared because another operation failed with: "connection <monitor> to 34.235.187.220:27017 closed"	GET	/users?token=eyJhbGciOiJIUzI1NiIsInR5cCI6IkpXVCJ9.eyJpZCI6IjYzY2NlOTNkMGZlN2IzMWZlZGE3NDkwOSIsImVtYWlsSWQiOiJuYXJlc2hrdW1hcjAxQGdtYWlsLmNvbSIsImlhdCI6MTY3NTkzNTc1M30.ToSoFbi-rAnNZaXGaURNLB1LkT-CL_aiFgFAwHmt-Fo	http://localhost:3000
20230215	11:40:48	eed4c2cd-988f-4c87-b248-65a70f658882	MongooseServerSelectionError: Could not connect to any servers in your MongoDB Atlas cluster. One common reason is that you're trying to access the database from an IP that isn't whitelisted. Make sure your current IP address is on your Atlas cluster's IP whitelist: https://docs.atlas.mongodb.com/security-whitelist/	GET	/users?token=eyJhbGciOiJIUzI1NiIsInR5cCI6IkpXVCJ9.eyJpZCI6IjYzY2NlOTNkMGZlN2IzMWZlZGE3NDkwOSIsImVtYWlsSWQiOiJuYXJlc2hrdW1hcjAxQGdtYWlsLmNvbSIsImlhdCI6MTY3NTkzNTc1M30.ToSoFbi-rAnNZaXGaURNLB1LkT-CL_aiFgFAwHmt-Fo	http://localhost:3000
20230215	11:44:47	304506b1-0ba0-4a86-a58d-ab04c4748aa8	MongooseServerSelectionError: Could not connect to any servers in your MongoDB Atlas cluster. One common reason is that you're trying to access the database from an IP that isn't whitelisted. Make sure your current IP address is on your Atlas cluster's IP whitelist: https://docs.atlas.mongodb.com/security-whitelist/	GET	/users?token=eyJhbGciOiJIUzI1NiIsInR5cCI6IkpXVCJ9.eyJpZCI6IjYzY2NlOTNkMGZlN2IzMWZlZGE3NDkwOSIsImVtYWlsSWQiOiJuYXJlc2hrdW1hcjAxQGdtYWlsLmNvbSIsImlhdCI6MTY3NTkzNTc1M30.ToSoFbi-rAnNZaXGaURNLB1LkT-CL_aiFgFAwHmt-Fo	http://localhost:3000
20230215	11:44:53	f7b49829-fe87-48e5-8f7f-94c8485d06aa	MongooseServerSelectionError: Could not connect to any servers in your MongoDB Atlas cluster. One common reason is that you're trying to access the database from an IP that isn't whitelisted. Make sure your current IP address is on your Atlas cluster's IP whitelist: https://docs.atlas.mongodb.com/security-whitelist/	GET	/users?token=eyJhbGciOiJIUzI1NiIsInR5cCI6IkpXVCJ9.eyJpZCI6IjYzY2NlOTNkMGZlN2IzMWZlZGE3NDkwOSIsImVtYWlsSWQiOiJuYXJlc2hrdW1hcjAxQGdtYWlsLmNvbSIsImlhdCI6MTY3NTkzNTc1M30.ToSoFbi-rAnNZaXGaURNLB1LkT-CL_aiFgFAwHmt-Fo	http://localhost:3000
20230215	11:45:13	4c7ede00-c434-4461-a937-8eb6b14aa987	MongooseServerSelectionError: Could not connect to any servers in your MongoDB Atlas cluster. One common reason is that you're trying to access the database from an IP that isn't whitelisted. Make sure your current IP address is on your Atlas cluster's IP whitelist: https://docs.atlas.mongodb.com/security-whitelist/	GET	/users?token=eyJhbGciOiJIUzI1NiIsInR5cCI6IkpXVCJ9.eyJpZCI6IjYzY2NlOTNkMGZlN2IzMWZlZGE3NDkwOSIsImVtYWlsSWQiOiJuYXJlc2hrdW1hcjAxQGdtYWlsLmNvbSIsImlhdCI6MTY3NTkzNTc1M30.ToSoFbi-rAnNZaXGaURNLB1LkT-CL_aiFgFAwHmt-Fo	http://localhost:3000
20230215	11:51:32	a7a47e47-8bb6-4169-bc6f-2fd1c3dbbfa3	MongooseServerSelectionError: Could not connect to any servers in your MongoDB Atlas cluster. One common reason is that you're trying to access the database from an IP that isn't whitelisted. Make sure your current IP address is on your Atlas cluster's IP whitelist: https://docs.atlas.mongodb.com/security-whitelist/	GET	/users?token=eyJhbGciOiJIUzI1NiIsInR5cCI6IkpXVCJ9.eyJpZCI6IjYzY2NlOTNkMGZlN2IzMWZlZGE3NDkwOSIsImVtYWlsSWQiOiJuYXJlc2hrdW1hcjAxQGdtYWlsLmNvbSIsImlhdCI6MTY3NTkzNTc1M30.ToSoFbi-rAnNZaXGaURNLB1LkT-CL_aiFgFAwHmt-Fo	http://localhost:3000
20230215	11:51:52	4891faeb-9c8e-4737-b968-ce27fe0b1b9a	MongooseServerSelectionError: Could not connect to any servers in your MongoDB Atlas cluster. One common reason is that you're trying to access the database from an IP that isn't whitelisted. Make sure your current IP address is on your Atlas cluster's IP whitelist: https://docs.atlas.mongodb.com/security-whitelist/	GET	/users?token=eyJhbGciOiJIUzI1NiIsInR5cCI6IkpXVCJ9.eyJpZCI6IjYzY2NlOTNkMGZlN2IzMWZlZGE3NDkwOSIsImVtYWlsSWQiOiJuYXJlc2hrdW1hcjAxQGdtYWlsLmNvbSIsImlhdCI6MTY3NTkzNTc1M30.ToSoFbi-rAnNZaXGaURNLB1LkT-CL_aiFgFAwHmt-Fo	http://localhost:3000
20230218	19:58:01	b9084739-ad60-41de-b38f-bf3c425a1302	TypeError: Class constructor Jimp cannot be invoked without 'new'	POST	/notes/content?token=eyJhbGciOiJIUzI1NiIsInR5cCI6IkpXVCJ9.eyJpZCI6IjYzY2NlOTNkMGZlN2IzMWZlZGE3NDkwOSIsImVtYWlsSWQiOiJuYXJlc2hrdW1hcjAxQGdtYWlsLmNvbSIsImlhdCI6MTY3NjcyMzkxMX0.49a21FNgQNehuOTROUMi2aUMLrI6ZygfutG-fSuc2W4&imageUrl=https%3A%2F%2Ffirebasestorage.googleapis.com%2Fv0%2Fb%2Fnarynotes-b54b3.appspot.com%2Fo%2Fscan%252Fios15-iphone12-pro-messages-text-message.png%3Falt%3Dmedia%26token%3Db4b1bffb-5e9d-49d5-9030-53ac452a7043	undefined
20230218	19:58:33	9baa480c-be2e-4be5-b272-fd8194cebb72	JsonWebTokenError: jwt must be provided	POST	/notes/content	undefined
20230218	19:59:23	d6795733-6321-41fc-8d62-0669e1e304d8	TypeError: Failed to parse URL from undefined	POST	/notes/content	undefined
20230218	20:00:45	df59af76-b06a-4e3c-b5b6-b8b4284999aa	TypeError: Failed to parse URL from undefined	POST	/notes/content	undefined
20230218	20:01:07	00c61b1c-3d94-45a2-8653-1beef45ac09d	TypeError: Class constructor Jimp cannot be invoked without 'new'	POST	/notes/content	undefined
20230218	20:46:58	20586ce9-54c5-46a3-9950-1d5e358ac315	ReferenceError: storage is not defined	POST	/notes/content	undefined
20230218	20:47:48	ce136173-6e9e-493a-9101-4b4085ab1519	FirebaseError: Firebase: Need to provide options, when not being deployed to hosting via source. (app/no-options).	POST	/notes/content	undefined
20230218	21:07:02	bc0ed5ed-bac1-4170-89c9-a3157f9b223b	ReferenceError: fs is not defined	POST	/notes/content	undefined
20230218	21:07:52	ee884b32-90a2-4a72-9142-4f2867917370	TypeError: The "cb" argument must be of type function. Received undefined	POST	/notes/content	undefined
20230218	21:08:48	b2efc03f-9cef-48e4-840c-3dabf19bd710	TypeError: The "cb" argument must be of type function. Received undefined	POST	/notes/content	undefined
20230218	21:14:11	61dc66b4-3f37-4ad8-bc64-8a67a350a321	TypeError: The "cb" argument must be of type function. Received undefined	POST	/notes/content	undefined
20230218	21:16:07	d9ac6382-1207-4983-bfb7-054e6c98e5f2	TypeError: The "cb" argument must be of type function. Received undefined	POST	/notes/content	undefined
20230218	21:18:47	b8ab1ae1-2db2-4633-bb61-37af624597fd	TypeError: The "cb" argument must be of type function. Received undefined	POST	/notes/content	undefined
