20230122	10:30:04	381e857e-b0d3-49a5-93cb-f3cc6226ae8d	POST	/user	undefined
20230122	10:30:09	36fd2c39-7a86-44c6-9f99-26cfd49e6dc7	POST	/users	undefined
20230122	10:31:48	9e9a6a7e-7544-4680-b977-f1a6448a1a42	POST	/users	undefined
20230122	10:31:58	4b514d2a-d61a-46ad-afd2-58574639f5f8	GET	/users	undefined
20230122	13:06:26	064cbe2f-0632-42bd-948e-f5f4a9a38eb5	POST	/users	undefined
20230122	13:06:41	34d20f29-f1c0-4d0e-ae78-64f779345901	POST	/users	undefined
20230122	13:07:04	632ccc12-4848-4c6f-9ad9-63f882caa2c5	POST	/users	undefined
20230122	13:07:14	61bd088f-83d1-4f8f-bcfc-896a2a4f29f8	GET	/users	undefined
20230122	13:08:13	060959a0-690c-419f-a2c5-ec18b5314913	POST	/users	undefined
20230122	13:08:32	7fb57ee0-5ec5-41fb-aa30-157e9e0088a7	POST	/users	undefined
20230122	13:08:46	70ed6beb-3b2f-4ce6-8af1-617ad67a5b77	GET	/users	undefined
20230122	13:08:53	73e7aac1-16b8-486a-8aa9-24c680690b29	GET	/users	undefined
20230122	13:08:57	5662e6d2-838f-4625-8d04-508a5abaa37d	POST	/users	undefined
20230122	13:09:25	c94ebfb5-9851-4f11-86d8-12785a119a80	POST	/users	undefined
20230122	13:09:36	89889f53-23f0-4132-a333-efe2ce1c3fcb	POST	/users	undefined
20230122	13:09:55	d02d4453-d2fc-4eb6-bcd7-ee780d94aaa9	POST	/users	undefined
20230122	13:11:13	1f34a1bb-8f16-45e4-982a-a635b7678f88	POST	/users	undefined
20230122	13:11:19	f7416c22-361f-43e2-b57f-11cb3dbfbfaa	GET	/users	undefined
20230122	13:11:29	9c55fb07-2bf1-452d-be2d-9d12aafde11c	POST	/users	undefined
20230122	13:11:34	e8e5dc07-652e-4617-800d-4f1f911d2164	GET	/users	undefined
20230122	13:12:16	1d8e7f95-392d-471f-863f-776f16784119	POST	/users	undefined
20230122	13:13:57	71e76cac-d19a-4875-ab69-4c6e611fad39	POST	/users	undefined
20230122	13:14:30	96613f31-ae63-4ff3-aa0e-b8149f71e422	POST	/users	undefined
20230122	13:37:10	ba355a00-6218-4ab2-8159-4fc77ad266ef	POST	/users/login	undefined
20230122	13:38:22	e054a4f8-a02f-4cdf-b090-90d75cd8abf8	POST	/users/login	undefined
20230122	13:39:03	db59dd4f-9818-4e2a-8069-039f79e8f68f	POST	/users/login	undefined
20230122	13:39:24	a2e84bd7-c06c-4dba-80de-264d31d905cc	POST	/users/login	undefined
20230122	13:42:39	d22db9ca-984d-41a5-a0b0-474dab17fb83	POST	/users/login	undefined
20230122	13:44:56	c0dc01ef-ced5-46af-a816-9e693af8834a	POST	/users/login	undefined
20230122	13:45:26	bbc08815-1b04-4ddd-b279-d64affd513e1	GET	/users/login	undefined
20230122	13:45:31	540976d6-6178-45e6-a68f-8d40edd40c01	GET	/users	undefined
20230122	13:46:32	9a801c81-2fd2-413c-a899-890e584597bf	GET	/users/login	undefined
20230122	13:46:41	a55157f3-108d-4890-9c73-9ac202110f7e	POST	/users/login	undefined
20230122	13:47:23	c85348df-2140-4f7c-b908-0798f5d93cae	POST	/users/login	undefined
20230122	13:49:27	d4eedde8-01f2-4b99-be3f-2772fe61e09c	POST	/users/login	undefined
20230122	13:49:58	a83836c6-b494-4d16-8123-bd1b97a646f6	POST	/users/login	undefined
20230122	14:45:33	b41abe08-bce5-4e30-9005-589572cadd49	POST	/users	undefined
20230122	14:45:38	565c3413-03e4-4818-aa9e-7aada749840b	GET	/users	undefined
20230122	14:46:45	3049f3b3-08de-4005-9aca-9b7c10194742	POST	/users/login	undefined
20230122	14:47:44	4dfa8cd3-9a77-4a78-830d-61298ecd5291	PATCH	/users	undefined
20230122	14:48:16	34fad065-ddcc-44e6-9bd8-92a9a15b624c	PATCH	/users	undefined
20230122	14:48:33	1f2a13df-8719-487e-9841-92dc4699abb0	PATCH	/users	undefined
20230123	18:18:07	2fae1546-5841-42cd-9ba6-72722b0dfde7	PATCH	/users	undefined
20230123	18:19:27	67c4e7cc-85e4-4c92-bfa2-d61264209197	PATCH	/users	undefined
20230123	18:19:52	944084a1-bf83-454f-bcb8-3104217cc47d	PATCH	/users	undefined
20230123	18:20:29	7cb1b228-f080-4740-b99d-318d50318e3b	PATCH	/users	undefined
20230123	18:22:18	88ab2f8c-ee00-4f3a-b19e-5e6245ce0fa1	PATCH	/users	undefined
20230123	18:24:04	63d5058f-274d-4479-b173-b09d0be8bd41	PATCH	/users	undefined
20230123	18:24:24	94c76a1e-9a18-45e5-939c-b9e2ffe7b217	PATCH	/users	undefined
20230123	18:27:08	2ec01d60-9429-4196-be10-d4149ee9602a	PATCH	/users	undefined
20230123	18:27:55	5c40ea51-c4a7-4e1c-847d-9377189d01e3	PATCH	/users	undefined
20230123	18:28:00	9cc509a8-a876-499f-8749-75e8f587a4f4	PATCH	/users	undefined
20230123	18:28:05	5296c2ed-5eda-4790-a779-17468e94c481	PATCH	/users	undefined
20230123	18:42:53	c6b6d638-7c09-4aba-b306-b7e0b788a293	POST	/users	undefined
20230123	18:42:59	f0d33d68-11b5-4e6f-a07f-50989aed2baa	POST	/users	undefined
20230123	18:43:28	2cd55c2a-5343-4f52-9e9d-af7dad9be4aa	POST	/users	undefined
20230123	18:44:09	f2215f68-3edf-4e31-ac80-5268b4099a48	DELETE	/users	undefined
20230123	18:44:29	438d1848-04c9-47fb-ae5a-91ee86b2def3	DELETE	/users	undefined
20230123	18:45:19	40ffa735-a033-4239-8976-c40683f3215a	POST	/users/login	undefined
20230123	18:45:32	ffe36279-4452-4f11-ba23-bbb2534417d8	DELETE	/users	undefined
20230123	18:47:14	9231422e-e967-4268-b6e1-ee51ad37e852	POST	/users	undefined
20230123	18:47:18	bf789399-ae1d-4787-935e-89ef61f25cae	POST	/users/login	undefined
20230123	18:47:36	e43f3bbb-8e4d-4986-b0d5-cae3c5edf260	DELETE	/users	undefined
